COMMON: RS 0-1-1-2390-6582-8-10176950-108 2
ESI: 0.07970318
MASS: 40.19482
RADIUS: 25977.902
HYDROSPHERE_DEPTH: 0
LIFE: 0
PLANET_COUNT: 17

COMMON: RS 0-1-1-2390-17115-8-2986713-633 1
ESI: 0.08761678
MASS: 2.663273
RADIUS: 11590.744
HYDROSPHERE_DEPTH: 0
LIFE: 0
PLANET_COUNT: 20

COMMON: RS 0-1-1-2390-3071-7-1571711-315 1
ESI: 0.059588034
MASS: 1007.07904
RADIUS: 76397.75
HYDROSPHERE_DEPTH: 0
LIFE: 0
PLANET_COUNT: 19

COMMON: RS 0-1-1-2390-17115-8-2986715-691 1
ESI: 0.05263159
MASS: 75.56998
RADIUS: 54045.72
HYDROSPHERE_DEPTH: 0
LIFE: 0
PLANET_COUNT: 22

COMMON: RS 0-1-1-2390-20626-8-589968-167 1
ESI: 0.10912413
MASS: 1.1799409
RADIUS: 7911.7607
HYDROSPHERE_DEPTH: 0
LIFE: 0
PLANET_COUNT: 19

